TN:
SF:/Users/mharitss/Project/latihan/restify-mongoose-example/config/datasource.js
FNF:0
FNH:0
DA:1,1
DA:2,1
DA:4,1
DA:6,1
DA:7,1
LF:5
LH:5
BRF:0
BRH:0
end_of_record
TN:
SF:/Users/mharitss/Project/latihan/restify-mongoose-example/src/Domain/Decorator.js
FN:2,(anonymous_0)
FN:6,(anonymous_1)
FN:7,(anonymous_2)
FN:9,(anonymous_3)
FNF:4
FNH:4
FNDA:3,(anonymous_0)
FNDA:3,(anonymous_1)
FNDA:1,(anonymous_2)
FNDA:2,(anonymous_3)
DA:3,3
DA:7,3
DA:8,1
DA:10,2
LF:4
LH:4
BRF:0
BRH:0
end_of_record
TN:
SF:/Users/mharitss/Project/latihan/restify-mongoose-example/src/Domain/User/Command/CreateNewUserCommand.js
FN:5,(anonymous_0)
FNF:1
FNH:1
FNDA:4,(anonymous_0)
DA:6,4
DA:7,3
DA:9,1
LF:3
LH:3
BRDA:6,0,0,3
BRDA:6,0,1,1
BRF:2
BRH:2
end_of_record
TN:
SF:/Users/mharitss/Project/latihan/restify-mongoose-example/src/Domain/User/Command/DeleteUserCommand.js
FN:4,(anonymous_0)
FNF:1
FNH:1
FNDA:3,(anonymous_0)
DA:5,3
DA:6,2
DA:8,1
LF:3
LH:3
BRDA:5,0,0,2
BRDA:5,0,1,1
BRF:2
BRH:2
end_of_record
TN:
SF:/Users/mharitss/Project/latihan/restify-mongoose-example/src/Domain/User/Command/UpdateUserCommand.js
FN:5,(anonymous_0)
FNF:1
FNH:1
FNDA:2,(anonymous_0)
DA:6,2
DA:7,1
DA:8,1
DA:10,1
LF:4
LH:4
BRDA:6,0,0,1
BRDA:6,0,1,1
BRF:2
BRH:2
end_of_record
TN:
SF:/Users/mharitss/Project/latihan/restify-mongoose-example/src/Domain/User/Exception/CanNotCreateUserException.js
FN:2,(anonymous_0)
FNF:1
FNH:1
FNDA:1,(anonymous_0)
DA:3,1
DA:4,1
LF:2
LH:2
BRF:0
BRH:0
end_of_record
TN:
SF:/Users/mharitss/Project/latihan/restify-mongoose-example/src/Domain/User/Exception/InvalidException.js
FN:2,(anonymous_0)
FNF:1
FNH:1
FNDA:4,(anonymous_0)
DA:3,4
DA:4,4
LF:2
LH:2
BRF:0
BRH:0
end_of_record
TN:
SF:/Users/mharitss/Project/latihan/restify-mongoose-example/src/Domain/User/Handler/CreateNewUserCommandHandler.js
FN:7,(anonymous_0)
FN:10,(anonymous_1)
FN:12,(anonymous_2)
FN:14,(anonymous_3)
FN:23,(anonymous_4)
FNF:5
FNH:5
FNDA:3,(anonymous_0)
FNDA:3,(anonymous_1)
FNDA:1,(anonymous_2)
FNDA:1,(anonymous_3)
FNDA:2,(anonymous_4)
DA:8,3
DA:10,3
DA:11,3
DA:12,2
DA:13,1
DA:15,1
DA:18,1
DA:24,2
LF:8
LH:8
BRDA:11,0,0,2
BRDA:11,0,1,1
BRF:2
BRH:2
end_of_record
TN:
SF:/Users/mharitss/Project/latihan/restify-mongoose-example/src/Domain/User/Model/User.js
FN:2,(anonymous_0)
FNF:1
FNH:1
FNDA:4,(anonymous_0)
DA:3,4
DA:4,4
DA:5,4
DA:6,4
LF:4
LH:4
BRF:0
BRH:0
end_of_record
TN:
SF:/Users/mharitss/Project/latihan/restify-mongoose-example/src/Domain/User/Projection/UserDB.js
FNF:0
FNH:0
DA:3,1
DA:5,1
DA:32,1
LF:3
LH:3
BRF:0
BRH:0
end_of_record
